<?xml version="1.0" encoding="UTF-8"?>
<testsuite name="org.example.TowerDefenseGameTest" tests="3" skipped="0" failures="0" errors="0" timestamp="2024-06-26T13:43:45" hostname="LAPTOP-JKAB9HT6" time="1.264">
  <properties/>
  <testcase name="testStartWave_WithEnemies()" classname="org.example.TowerDefenseGameTest" time="1.221"/>
  <testcase name="testPlaceTower_ValidPosition()" classname="org.example.TowerDefenseGameTest" time="0.032"/>
  <testcase name="testStartWave_NoEnemies()" classname="org.example.TowerDefenseGameTest" time="0.005"/>
  <system-out><![CDATA[]]></system-out>
  <system-err><![CDATA[]]></system-err>
</testsuite>
